0 info it worked if it ends with ok
1 verbose cli [ 'node', '/usr/local/bin/npm', 'publish' ]
2 info using npm@2.0.0-alpha-5
3 info using node@v0.10.28
4 verbose node symlink /usr/local/bin/node
5 verbose publish [ '.' ]
6 verbose cache add [ '.', null ]
7 verbose cache add spec="." args=[".",null]
8 verbose cache add local package /Users/kiafathi/Documents/Code/dslib
9 silly lockFile 3a52ce78- .
10 verbose lock . /Users/kiafathi/.npm/3a52ce78-.lock
11 verbose tar pack [ '/Users/kiafathi/.npm/dslib/0.4.0/package.tgz', '.' ]
12 verbose tarball /Users/kiafathi/.npm/dslib/0.4.0/package.tgz
13 verbose folder .
14 info prepublish dslib@0.4.0
15 silly lockFile 1f1177db-tar tar://.
16 verbose lock tar://. /Users/kiafathi/.npm/1f1177db-tar.lock
17 silly lockFile 615d0912-athi-npm-dslib-0-4-0-package-tgz tar:///Users/kiafathi/.npm/dslib/0.4.0/package.tgz
18 verbose lock tar:///Users/kiafathi/.npm/dslib/0.4.0/package.tgz /Users/kiafathi/.npm/615d0912-athi-npm-dslib-0-4-0-package-tgz.lock
19 silly lockFile 1f1177db-tar tar://.
20 silly lockFile 1f1177db-tar tar://.
21 silly lockFile 615d0912-athi-npm-dslib-0-4-0-package-tgz tar:///Users/kiafathi/.npm/dslib/0.4.0/package.tgz
22 silly lockFile 615d0912-athi-npm-dslib-0-4-0-package-tgz tar:///Users/kiafathi/.npm/dslib/0.4.0/package.tgz
23 silly lockFile 86fe859f-kiafathi-npm-dslib-0-4-0-package /Users/kiafathi/.npm/dslib/0.4.0/package
24 verbose lock /Users/kiafathi/.npm/dslib/0.4.0/package /Users/kiafathi/.npm/86fe859f-kiafathi-npm-dslib-0-4-0-package.lock
25 silly lockFile 86fe859f-kiafathi-npm-dslib-0-4-0-package /Users/kiafathi/.npm/dslib/0.4.0/package
26 silly lockFile 86fe859f-kiafathi-npm-dslib-0-4-0-package /Users/kiafathi/.npm/dslib/0.4.0/package
27 silly lockFile 3a52ce78- .
28 silly lockFile 3a52ce78- .
29 silly publish { name: 'dslib',
29 silly publish   version: '0.4.0',
29 silly publish   description: 'A library of useful data structures in Javascript',
29 silly publish   main: 'index.js',
29 silly publish   scripts: { test: 'echo "Error: no test specified" && exit 1' },
29 silly publish   repository:
29 silly publish    { type: 'git',
29 silly publish      url: 'https://github.com/KiaFathi/dataStructures.git' },
29 silly publish   author:
29 silly publish    { name: 'Kia Fathi',
29 silly publish      email: 'kiafathi@me.com',
29 silly publish      url: 'http://kiafathi.com/' },
29 silly publish   license: 'ISC',
29 silly publish   bugs: { url: 'https://github.com/KiaFathi/dataStructures/issues' },
29 silly publish   homepage: 'https://github.com/KiaFathi/dataStructures',
29 silly publish   devDependencies:
29 silly publish    { chai: '^1.9.1',
29 silly publish      gulp: '^3.4.0',
29 silly publish      'gulp-mocha': '^1.0.0',
29 silly publish      mocha: '^1.21.4' },
29 silly publish   readme: 'dslib\n==============\n\nA library of useful data structures in Javascript\n\n## Installation\n```\nnpm install dslib --save\n```\n## Usage\n```\nvar dslib = require(\'dslib\');\n```\n###Stack\n```\nvar stack = new dslib.Stack();\n\n//methods\nstack.push(item); //adds an item to top of stack\nstack.pop(); // removes and returns last item added to stack\nstack.size() // returns size of stack\n```     \n\n###Queue\n```\nvar queue = new dslib.Queue();\n\n//methods \nqueue.enqueue(item); // adds an item to end of queue\nqueue.dequeue(); // removes and returns first item in queue\nqueue.size(); // returns size of queue \n```\n\n###Set\n\n```\nvar set = new dslib.Set();\n\n//methods\nset.add(item); //adds an item to the set\nset.remove(item); //removes an item from the set\nset.contains(item); // returns a boolean if item in slt \n```\n\n###LinkedList\n```\nvar linkedList = new dslib.LinkedList();\n\n//methods\nlinkedList.addToTail(item); //adds an item to tail of linkedList\nlinkedList.removeHead(); //removes an item from head of linkedList\nlinkedList.contains(item); //returns a boolean if item in linkedList\n```\n\n###Tree\n```\nvar tree = new dslib.Tree();\n\n//methods\ntree.addChild(value); //adds a child to tree with set value\ntree.contains(value); //returns a boolean if node with value in tree;\n```\n\n###BinarySearchTree\n```\nvar binarySearchTree = new dslib.BinarySearchTree();\n\n//methods\nbinarySearchTree.insert(value) //inserts a node with the specific value\nbinarySearchTree.contains(value) //returns a boolean if the value is in the tree\nbinarySearchTree.depthFirstLog(callback) //executes callback on each node in tree, depth first order\n```\n\n###Graph\n```\n\nvar graph = new dslib.Graph();\n\n//methods\ngraph.addNode(value) //adds a new node to the graph with a specific value, will add an edge if only item in graph\ngraph.contains(value) //returns a boolean whether graph contains value\ngraph.removeNode(value) //removes a specific node from the graph\ngraph.addEdge(node1,node2) //creates a connection between 2 existing nodes\ngraph.getEdge(node1, node2) //creates an edge between 2 existing nodes\ngraph.removeEdge(node1, node2) //removes the connection between 2 existing nodes\ngraph.forEachNode(callback) //applys a callback on every node in the graph, can mutate the graph\n```\n\n## Tests\n\n```\ngulp mocha\n//or\ngulp watch\n```\n\n## Contributing\n\nIn lieu of a formal styleguide, take care to maintain the existing coding style.\n\nTo Contribute via Issue Notice:\n* Write up a description of the problem\n* I will write a fix correspondingly\n\nTo Contribute via Pull Request:\n* Fork the repo\n\n* Add unit tests for any new or changed functionality. Write tests in the \nappropriate spec file in the tests directory\n\n* Submit a pull request to master branch\n\n## Release History\n\n* 0.1.0 Initial release\n* 0.2.0 Tree, Stack, Queue, Set, LinkedList\n* 0.3.0 BinarySearchTree\n* 0.4.0 Graph\n',
29 silly publish   readmeFilename: 'README.md',
29 silly publish   gitHead: 'c56c2f8ef551af6389218d31a00a16f25595ba8f',
29 silly publish   _id: 'dslib@0.4.0',
29 silly publish   _shasum: 'dbed102f2343ea060699872b1ff9794f510a03cd',
29 silly publish   _from: '.' }
30 verbose mapToRegistry name dslib
31 verbose mapToRegistry uri https://registry.npmjs.org/dslib
32 verbose publish registryBase https://registry.npmjs.org/
33 verbose request where is /dslib
34 verbose request registry https://registry.npmjs.org/
35 verbose request id aafcf96a32cc8475
36 verbose request url raw /dslib
37 verbose request url resolving [ 'https://registry.npmjs.org/', './dslib' ]
38 verbose request url resolved https://registry.npmjs.org/dslib
39 verbose request where is https://registry.npmjs.org/dslib
40 verbose request setting basic auth
41 info trying registry request attempt 1 at 20:23:58
42 http PUT https://registry.npmjs.org/dslib
43 http 403 https://registry.npmjs.org/dslib
44 verbose headers { date: 'Tue, 26 Aug 2014 03:23:59 GMT',
44 verbose headers   server: 'CouchDB/1.5.0 (Erlang OTP/R14B04)',
44 verbose headers   'content-type': 'application/json',
44 verbose headers   'cache-control': 'max-age=60',
44 verbose headers   'content-length': '5929',
44 verbose headers   'accept-ranges': 'bytes',
44 verbose headers   via: '1.1 varnish',
44 verbose headers   'x-served-by': 'cache-lax1423-LAX',
44 verbose headers   'x-cache': 'MISS',
44 verbose headers   'x-cache-hits': '0',
44 verbose headers   'x-timer': 'S1409023438.974699,VS0,VE135',
44 verbose headers   'keep-alive': 'timeout=10, max=50',
44 verbose headers   connection: 'Keep-Alive' }
45 error publish Failed PUT 403
46 error Error: forbidden cannot modify pre-existing version: 0.4.0
46 error old={"name":"dslib","version":"0.4.0","description":"A library of useful data structures in Javascript","main":"index.js","scripts":{"test":"echo \"Error: no test specified\" && exit 1"},"repository":{"type":"git","url":"https://github.com/KiaFathi/dataStructures.git"},"author":{"name":"Kia Fathi","email":"kiafathi@me.com","url":"http://kiafathi.com/"},"license":"ISC","bugs":{"url":"https://github.com/KiaFathi/dataStructures/issues"},"homepage":"https://github.com/KiaFathi/dataStructures","devDependencies":{"chai":"^1.9.1","gulp":"^3.8.7","gulp-mocha":"^1.0.0","mocha":"^1.21.4"},"gitHead":"048525873d9a6e2e7dabe8b6eb1ceeeb61ac211f","_id":"dslib@0.4.0","_shasum":"4216124e764afebbe4c9fb86e89825322fbd414c","_from":".","_npmVersion":"2.0.0-alpha-5","_npmUser":{"name":"kiafathi","email":"kiafathi@me.com"},"maintainers":[{"name":"kiafathi","email":"kiafathi@me.com"}],"dist":{"shasum":"4216124e764afebbe4c9fb86e89825322fbd414c","tarball":"http://registry.npmjs.org/dslib/-/dslib-0.4.0.tgz"}}
46 error new={"name":"dslib","version":"0.4.0","description":"A library of useful data structures in Javascript","main":"index.js","scripts":{"test":"echo \"Error: no test specified\" && exit 1"},"repository":{"type":"git","url":"https://github.com/KiaFathi/dataStructures.git"},"author":{"name":"Kia Fathi","email":"kiafathi@me.com","url":"http://kiafathi.com/"},"license":"ISC","bugs":{"url":"https://github.com/KiaFathi/dataStructures/issues"},"homepage":"https://github.com/KiaFathi/dataStructures","devDependencies":{"chai":"^1.9.1","gulp":"^3.4.0","gulp-mocha":"^1.0.0","mocha":"^1.21.4"},"readme":"dslib\u000a==============\u000a\u000aA library of useful data structures in Javascript\u000a\u000a## Installation\u000a```\u000anpm install dslib --save\u000a```\u000a## Usage\u000a```\u000avar dslib = require('dslib');\u000a```\u000a###Stack\u000a```\u000avar stack = new dslib.Stack();\u000a\u000a//methods\u000astack.push(item); //adds an item to top of stack\u000astack.pop(); // removes and returns last item added to stack\u000astack.size() // returns size of stack\u000a```     \u000a\u000a###Queue\u000a```\u000avar queue = new dslib.Queue();\u000a\u000a//methods \u000aqueue.enqueue(item); // adds an item to end of queue\u000aqueue.dequeue(); // removes and returns first item in queue\u000aqueue.size(); // returns size of queue \u000a```\u000a\u000a###Set\u000a\u000a```\u000avar set = new dslib.Set();\u000a\u000a//methods\u000aset.add(item); //adds an item to the set\u000aset.remove(item); //removes an item from the set\u000aset.contains(item); // returns a boolean if item in slt \u000a```\u000a\u000a###LinkedList\u000a```\u000avar linkedList = new dslib.LinkedList();\u000a\u000a//methods\u000alinkedList.addToTail(item); //adds an item to tail of linkedList\u000alinkedList.removeHead(); //removes an item from head of linkedList\u000alinkedList.contains(item); //returns a boolean if item in linkedList\u000a```\u000a\u000a###Tree\u000a```\u000avar tree = new dslib.Tree();\u000a\u000a//methods\u000atree.addChild(value); //adds a child to tree with set value\u000atree.contains(value); //returns a boolean if node with value in tree;\u000a```\u000a\u000a###BinarySearchTree\u000a```\u000avar binarySearchTree = new dslib.BinarySearchTree();\u000a\u000a//methods\u000abinarySearchTree.insert(value) //inserts a node with the specific value\u000abinarySearchTree.contains(value) //returns a boolean if the value is in the tree\u000abinarySearchTree.depthFirstLog(callback) //executes callback on each node in tree, depth first order\u000a```\u000a\u000a###Graph\u000a```\u000a\u000avar graph = new dslib.Graph();\u000a\u000a//methods\u000agraph.addNode(value) //adds a new node to the graph with a specific value, will add an edge if only item in graph\u000agraph.contains(value) //returns a boolean whether graph contains value\u000agraph.removeNode(value) //removes a specific node from the graph\u000agraph.addEdge(node1,node2) //creates a connection between 2 existing nodes\u000agraph.getEdge(node1, node2) //creates an edge between 2 existing nodes\u000agraph.removeEdge(node1, node2) //removes the connection between 2 existing nodes\u000agraph.forEachNode(callback) //applys a callback on every node in the graph, can mutate the graph\u000a```\u000a\u000a## Tests\u000a\u000a```\u000agulp mocha\u000a//or\u000agulp watch\u000a```\u000a\u000a## Contributing\u000a\u000aIn lieu of a formal styleguide, take care to maintain the existing coding style.\u000a\u000aTo Contribute via Issue Notice:\u000a* Write up a description of the problem\u000a* I will write a fix correspondingly\u000a\u000aTo Contribute via Pull Request:\u000a* Fork the repo\u000a\u000a* Add unit tests for any new or changed functionality. Write tests in the \u000aappropriate spec file in the tests directory\u000a\u000a* Submit a pull request to master branch\u000a\u000a## Release History\u000a\u000a* 0.1.0 Initial release\u000a* 0.2.0 Tree, Stack, Queue, Set, LinkedList\u000a* 0.3.0 BinarySearchTree\u000a* 0.4.0 Graph\u000a","readmeFilename":"README.md","gitHead":"c56c2f8ef551af6389218d31a00a16f25595ba8f","_id":"dslib@0.4.0","_shasum":"dbed102f2343ea060699872b1ff9794f510a03cd","_from":".","_npmVersion":"2.0.0-alpha-5","_npmUser":{"name":"kiafathi","email":"kiafathi@me.com"},"maintainers":[{"name":"kiafathi","email":"kiafathi@me.com"}],"dist":{"shasum":"dbed102f2343ea060699872b1ff9794f510a03cd","tarball":"http://registry.npmjs.org/dslib/-/dslib-0.4.0.tgz"}}: dslib
46 error     at RegClient.<anonymous> (/usr/local/lib/node_modules/npm/node_modules/npm-registry-client/lib/request.js:313:14)
46 error     at Request._callback (/usr/local/lib/node_modules/npm/node_modules/npm-registry-client/lib/request.js:251:65)
46 error     at Request.self.callback (/usr/local/lib/node_modules/npm/node_modules/request/request.js:123:22)
46 error     at Request.EventEmitter.emit (events.js:98:17)
46 error     at Request.<anonymous> (/usr/local/lib/node_modules/npm/node_modules/request/request.js:893:14)
46 error     at Request.EventEmitter.emit (events.js:117:20)
46 error     at IncomingMessage.<anonymous> (/usr/local/lib/node_modules/npm/node_modules/request/request.js:844:12)
46 error     at IncomingMessage.EventEmitter.emit (events.js:117:20)
46 error     at _stream_readable.js:919:16
46 error     at process._tickCallback (node.js:419:13)
47 error If you need help, you may report this *entire* log,
47 error including the npm and node versions, at:
47 error     <http://github.com/npm/npm/issues>
48 error System Darwin 14.0.0
49 error command "node" "/usr/local/bin/npm" "publish"
50 error cwd /Users/kiafathi/Documents/Code/dslib
51 error node -v v0.10.28
52 error npm -v 2.0.0-alpha-5
53 verbose exit [ 1, true ]
